# JRE version: Java(TM) SE Runtime Environment (8.0_121-b13) (build 1.8.0_121-b13)
# Java VM: Java HotSpot(TM) 64-Bit Server VM (25.121-b13 mixed mode windows-amd64 compressed oops)
Heap:
 PSYoungGen      total 67584K, used 15378K [0x0000000774d80000, 0x000000077d180000, 0x00000007c0000000)
  eden space 58368K, 10% used [0x0000000774d80000,0x0000000775387248,0x0000000778680000)
  from space 9216K, 99% used [0x0000000778f80000,0x000000077987d860,0x0000000779880000)
  to   space 9216K, 0% used [0x0000000778680000,0x0000000778680000,0x0000000778f80000)
 ParOldGen       total 154624K, used 60821K [0x00000006de800000, 0x00000006e7f00000, 0x0000000774d80000)
  object space 154624K, 39% used [0x00000006de800000,0x00000006e2365578,0x00000006e7f00000)
 Metaspace       used 16991K, capacity 17112K, committed 17280K, reserved 1064960K
  class space    used 1548K, capacity 1616K, committed 1664K, reserved 1048576K
GC Heap History (4 events):
Event: 3.326 GC heap before
{Heap before GC invocations=1 (full 0):
 PSYoungGen      total 67584K, used 56976K [0x0000000774d80000, 0x0000000779880000, 0x00000007c0000000)
  eden space 58368K, 97% used [0x0000000774d80000,0x0000000778524048,0x0000000778680000)
  from space 9216K, 0% used [0x0000000778f80000,0x0000000778f80000,0x0000000779880000)
  to   space 9216K, 0% used [0x0000000778680000,0x0000000778680000,0x0000000778f80000)
 ParOldGen       total 154624K, used 0K [0x00000006de800000, 0x00000006e7f00000, 0x0000000774d80000)
  object space 154624K, 0% used [0x00000006de800000,0x00000006de800000,0x00000006e7f00000)
 Metaspace       used 16237K, capacity 16372K, committed 16768K, reserved 1064960K
  class space    used 1527K, capacity 1584K, committed 1664K, reserved 1048576K
Event: 3.333 GC heap after
Heap after GC invocations=1 (full 0):
 PSYoungGen      total 67584K, used 9187K [0x0000000774d80000, 0x0000000779880000, 0x00000007c0000000)
  eden space 58368K, 0% used [0x0000000774d80000,0x0000000774d80000,0x0000000778680000)
  from space 9216K, 99% used [0x0000000778680000,0x0000000778f78f60,0x0000000778f80000)
  to   space 9216K, 0% used [0x0000000778f80000,0x0000000778f80000,0x0000000779880000)
 ParOldGen       total 154624K, used 6103K [0x00000006de800000, 0x00000006e7f00000, 0x0000000774d80000)
  object space 154624K, 3% used [0x00000006de800000,0x00000006dedf5ec0,0x00000006e7f00000)
 Metaspace       used 16237K, capacity 16372K, committed 16768K, reserved 1064960K
  class space    used 1527K, capacity 1584K, committed 1664K, reserved 1048576K
}
Event: 4.589 GC heap before
{Heap before GC invocations=2 (full 0):
 PSYoungGen      total 67584K, used 67555K [0x0000000774d80000, 0x0000000779880000, 0x00000007c0000000)
  eden space 58368K, 100% used [0x0000000774d80000,0x0000000778680000,0x0000000778680000)
  from space 9216K, 99% used [0x0000000778680000,0x0000000778f78f60,0x0000000778f80000)
  to   space 9216K, 0% used [0x0000000778f80000,0x0000000778f80000,0x0000000779880000)
 ParOldGen       total 154624K, used 6103K [0x00000006de800000, 0x00000006e7f00000, 0x0000000774d80000)
  object space 154624K, 3% used [0x00000006de800000,0x00000006dedf5ec0,0x00000006e7f00000)
 Metaspace       used 16636K, capacity 16792K, committed 17024K, reserved 1064960K
  class space    used 1547K, capacity 1616K, committed 1664K, reserved 1048576K
Event: 4.641 GC heap after
Heap after GC invocations=2 (full 0):
 PSYoungGen      total 67584K, used 9206K [0x0000000774d80000, 0x000000077d180000, 0x00000007c0000000)
  eden space 58368K, 0% used [0x0000000774d80000,0x0000000774d80000,0x0000000778680000)
  from space 9216K, 99% used [0x0000000778f80000,0x000000077987d860,0x0000000779880000)
  to   space 9216K, 0% used [0x0000000778680000,0x0000000778680000,0x0000000778f80000)
 ParOldGen       total 154624K, used 60821K [0x00000006de800000, 0x00000006e7f00000, 0x0000000774d80000)
  object space 154624K, 39% used [0x00000006de800000,0x00000006e2365578,0x00000006e7f00000)
 Metaspace       used 16636K, capacity 16792K, committed 17024K, reserved 1064960K
  class space    used 1547K, capacity 1616K, committed 1664K, reserved 1048576K
}

