# JRE version: Java(TM) SE Runtime Environment (8.0_121-b13) (build 1.8.0_121-b13)
# Java VM: Java HotSpot(TM) 64-Bit Server VM (25.121-b13 mixed mode windows-amd64 compressed oops)
Heap:
 PSYoungGen      total 547840K, used 115677K [0x0000000774d80000, 0x00000007b6380000, 0x00000007c0000000)
  eden space 515584K, 22% used [0x0000000774d80000,0x000000077be576e0,0x0000000794500000)
  from space 32256K, 0% used [0x00000007b2480000,0x00000007b24a0000,0x00000007b4400000)
  to   space 30208K, 0% used [0x00000007b4600000,0x00000007b4600000,0x00000007b6380000)
 ParOldGen       total 154624K, used 76239K [0x00000006de800000, 0x00000006e7f00000, 0x0000000774d80000)
  object space 154624K, 49% used [0x00000006de800000,0x00000006e3273cb0,0x00000006e7f00000)
 Metaspace       used 17137K, capacity 17304K, committed 17536K, reserved 1064960K
  class space    used 1548K, capacity 1616K, committed 1664K, reserved 1048576K
GC Heap History (10 events):
Event: 15.447 GC heap before
{Heap before GC invocations=15 (full 0):
 PSYoungGen      total 649728K, used 645383K [0x0000000774d80000, 0x00000007ba900000, 0x00000007c0000000)
  eden space 649216K, 99% used [0x0000000774d80000,0x000000079c3a1f78,0x000000079c780000)
  from space 512K, 25% used [0x00000007ba880000,0x00000007ba8a0000,0x00000007ba900000)
  to   space 39936K, 0% used [0x00000007b5b00000,0x00000007b5b00000,0x00000007b8200000)
 ParOldGen       total 154624K, used 76111K [0x00000006de800000, 0x00000006e7f00000, 0x0000000774d80000)
  object space 154624K, 49% used [0x00000006de800000,0x00000006e3253cb0,0x00000006e7f00000)
 Metaspace       used 17132K, capacity 17304K, committed 17536K, reserved 1064960K
  class space    used 1547K, capacity 1616K, committed 1664K, reserved 1048576K
Event: 15.449 GC heap after
Heap after GC invocations=15 (full 0):
 PSYoungGen      total 659456K, used 96K [0x0000000774d80000, 0x00000007ba900000, 0x00000007c0000000)
  eden space 619520K, 0% used [0x0000000774d80000,0x0000000774d80000,0x000000079aa80000)
  from space 39936K, 0% used [0x00000007b5b00000,0x00000007b5b18000,0x00000007b8200000)
  to   space 37888K, 0% used [0x00000007b8400000,0x00000007b8400000,0x00000007ba900000)
 ParOldGen       total 154624K, used 76135K [0x00000006de800000, 0x00000006e7f00000, 0x0000000774d80000)
  object space 154624K, 49% used [0x00000006de800000,0x00000006e3259cb0,0x00000006e7f00000)
 Metaspace       used 17132K, capacity 17304K, committed 17536K, reserved 1064960K
  class space    used 1547K, capacity 1616K, committed 1664K, reserved 1048576K
}
Event: 16.890 GC heap before
{Heap before GC invocations=16 (full 0):
 PSYoungGen      total 659456K, used 612147K [0x0000000774d80000, 0x00000007ba900000, 0x00000007c0000000)
  eden space 619520K, 98% used [0x0000000774d80000,0x000000079a334cd0,0x000000079aa80000)
  from space 39936K, 0% used [0x00000007b5b00000,0x00000007b5b18000,0x00000007b8200000)
  to   space 37888K, 0% used [0x00000007b8400000,0x00000007b8400000,0x00000007ba900000)
 ParOldGen       total 154624K, used 76135K [0x00000006de800000, 0x00000006e7f00000, 0x0000000774d80000)
  object space 154624K, 49% used [0x00000006de800000,0x00000006e3259cb0,0x00000006e7f00000)
 Metaspace       used 17132K, capacity 17304K, committed 17536K, reserved 1064960K
  class space    used 1547K, capacity 1616K, committed 1664K, reserved 1048576K
Event: 16.891 GC heap after
Heap after GC invocations=16 (full 0):
 PSYoungGen      total 591872K, used 96K [0x0000000774d80000, 0x00000007b8480000, 0x00000007c0000000)
  eden space 591360K, 0% used [0x0000000774d80000,0x0000000774d80000,0x0000000798f00000)
  from space 512K, 18% used [0x00000007b8400000,0x00000007b8418000,0x00000007b8480000)
  to   space 36352K, 0% used [0x00000007b3d80000,0x00000007b3d80000,0x00000007b6100000)
 ParOldGen       total 154624K, used 76183K [0x00000006de800000, 0x00000006e7f00000, 0x0000000774d80000)
  object space 154624K, 49% used [0x00000006de800000,0x00000006e3265cb0,0x00000006e7f00000)
 Metaspace       used 17132K, capacity 17304K, committed 17536K, reserved 1064960K
  class space    used 1547K, capacity 1616K, committed 1664K, reserved 1048576K
}
Event: 18.265 GC heap before
{Heap before GC invocations=17 (full 0):
 PSYoungGen      total 591872K, used 587106K [0x0000000774d80000, 0x00000007b8480000, 0x00000007c0000000)
  eden space 591360K, 99% used [0x0000000774d80000,0x0000000798ac0a80,0x0000000798f00000)
  from space 512K, 18% used [0x00000007b8400000,0x00000007b8418000,0x00000007b8480000)
  to   space 36352K, 0% used [0x00000007b3d80000,0x00000007b3d80000,0x00000007b6100000)
 ParOldGen       total 154624K, used 76183K [0x00000006de800000, 0x00000006e7f00000, 0x0000000774d80000)
  object space 154624K, 49% used [0x00000006de800000,0x00000006e3265cb0,0x00000006e7f00000)
 Metaspace       used 17132K, capacity 17304K, committed 17536K, reserved 1064960K
  class space    used 1547K, capacity 1616K, committed 1664K, reserved 1048576K
Event: 18.266 GC heap after
Heap after GC invocations=17 (full 0):
 PSYoungGen      total 601088K, used 64K [0x0000000774d80000, 0x00000007b8480000, 0x00000007c0000000)
  eden space 564736K, 0% used [0x0000000774d80000,0x0000000774d80000,0x0000000797500000)
  from space 36352K, 0% used [0x00000007b3d80000,0x00000007b3d90000,0x00000007b6100000)
  to   space 34304K, 0% used [0x00000007b6300000,0x00000007b6300000,0x00000007b8480000)
 ParOldGen       total 154624K, used 76199K [0x00000006de800000, 0x00000006e7f00000, 0x0000000774d80000)
  object space 154624K, 49% used [0x00000006de800000,0x00000006e3269cb0,0x00000006e7f00000)
 Metaspace       used 17132K, capacity 17304K, committed 17536K, reserved 1064960K
  class space    used 1547K, capacity 1616K, committed 1664K, reserved 1048576K
}
Event: 19.536 GC heap before
{Heap before GC invocations=18 (full 0):
 PSYoungGen      total 601088K, used 557283K [0x0000000774d80000, 0x00000007b8480000, 0x00000007c0000000)
  eden space 564736K, 98% used [0x0000000774d80000,0x0000000796da8de8,0x0000000797500000)
  from space 36352K, 0% used [0x00000007b3d80000,0x00000007b3d90000,0x00000007b6100000)
  to   space 34304K, 0% used [0x00000007b6300000,0x00000007b6300000,0x00000007b8480000)
 ParOldGen       total 154624K, used 76199K [0x00000006de800000, 0x00000006e7f00000, 0x0000000774d80000)
  object space 154624K, 49% used [0x00000006de800000,0x00000006e3269cb0,0x00000006e7f00000)
 Metaspace       used 17133K, capacity 17304K, committed 17536K, reserved 1064960K
  class space    used 1547K, capacity 1616K, committed 1664K, reserved 1048576K
Event: 19.538 GC heap after
Heap after GC invocations=18 (full 0):
 PSYoungGen      total 540160K, used 96K [0x0000000774d80000, 0x00000007b6380000, 0x00000007c0000000)
  eden space 539648K, 0% used [0x0000000774d80000,0x0000000774d80000,0x0000000795c80000)
  from space 512K, 18% used [0x00000007b6300000,0x00000007b6318000,0x00000007b6380000)
  to   space 32256K, 0% used [0x00000007b2480000,0x00000007b2480000,0x00000007b4400000)
 ParOldGen       total 154624K, used 76199K [0x00000006de800000, 0x00000006e7f00000, 0x0000000774d80000)
  object space 154624K, 49% used [0x00000006de800000,0x00000006e3269cb0,0x00000006e7f00000)
 Metaspace       used 17133K, capacity 17304K, committed 17536K, reserved 1064960K
  class space    used 1547K, capacity 1616K, committed 1664K, reserved 1048576K
}
Event: 20.810 GC heap before
{Heap before GC invocations=19 (full 0):
 PSYoungGen      total 540160K, used 537313K [0x0000000774d80000, 0x00000007b6380000, 0x00000007c0000000)
  eden space 539648K, 99% used [0x0000000774d80000,0x0000000795a20428,0x0000000795c80000)
  from space 512K, 18% used [0x00000007b6300000,0x00000007b6318000,0x00000007b6380000)
  to   space 32256K, 0% used [0x00000007b2480000,0x00000007b2480000,0x00000007b4400000)
 ParOldGen       total 154624K, used 76199K [0x00000006de800000, 0x00000006e7f00000, 0x0000000774d80000)
  object space 154624K, 49% used [0x00000006de800000,0x00000006e3269cb0,0x00000006e7f00000)
 Metaspace       used 17133K, capacity 17304K, committed 17536K, reserved 1064960K
  class space    used 1547K, capacity 1616K, committed 1664K, reserved 1048576K
Event: 20.811 GC heap after
Heap after GC invocations=19 (full 0):
 PSYoungGen      total 547840K, used 128K [0x0000000774d80000, 0x00000007b6380000, 0x00000007c0000000)
  eden space 515584K, 0% used [0x0000000774d80000,0x0000000774d80000,0x0000000794500000)
  from space 32256K, 0% used [0x00000007b2480000,0x00000007b24a0000,0x00000007b4400000)
  to   space 30208K, 0% used [0x00000007b4600000,0x00000007b4600000,0x00000007b6380000)
 ParOldGen       total 154624K, used 76239K [0x00000006de800000, 0x00000006e7f00000, 0x0000000774d80000)
  object space 154624K, 49% used [0x00000006de800000,0x00000006e3273cb0,0x00000006e7f00000)
 Metaspace       used 17133K, capacity 17304K, committed 17536K, reserved 1064960K
  class space    used 1547K, capacity 1616K, committed 1664K, reserved 1048576K
}

