# JRE version: Java(TM) SE Runtime Environment (8.0_121-b13) (build 1.8.0_121-b13)
# Java VM: Java HotSpot(TM) 64-Bit Server VM (25.121-b13 mixed mode windows-amd64 compressed oops)
Heap:
 PSYoungGen      total 523264K, used 464654K [0x0000000774d80000, 0x00000007a9380000, 0x00000007c0000000)
  eden space 466944K, 99% used [0x0000000774d80000,0x00000007912a3ad8,0x0000000791580000)
  from space 56320K, 1% used [0x0000000791580000,0x0000000791620000,0x0000000794c80000)
  to   space 55296K, 0% used [0x00000007a5d80000,0x00000007a5d80000,0x00000007a9380000)
 ParOldGen       total 154624K, used 86492K [0x00000006de800000, 0x00000006e7f00000, 0x0000000774d80000)
  object space 154624K, 55% used [0x00000006de800000,0x00000006e3c77018,0x00000006e7f00000)
 Metaspace       used 16887K, capacity 17112K, committed 17280K, reserved 1064960K
  class space    used 1548K, capacity 1616K, committed 1664K, reserved 1048576K
GC Heap History (10 events):
Event: 3.869 GC heap before
{Heap before GC invocations=5 (full 0):
 PSYoungGen      total 125952K, used 125382K [0x0000000774d80000, 0x000000077d180000, 0x00000007c0000000)
  eden space 116736K, 99% used [0x0000000774d80000,0x000000077bef8b98,0x000000077bf80000)
  from space 9216K, 99% used [0x000000077c880000,0x000000077d178f60,0x000000077d180000)
  to   space 9216K, 0% used [0x000000077bf80000,0x000000077bf80000,0x000000077c880000)
 ParOldGen       total 154624K, used 69029K [0x00000006de800000, 0x00000006e7f00000, 0x0000000774d80000)
  object space 154624K, 44% used [0x00000006de800000,0x00000006e2b69728,0x00000006e7f00000)
 Metaspace       used 16618K, capacity 16792K, committed 17024K, reserved 1064960K
  class space    used 1547K, capacity 1616K, committed 1664K, reserved 1048576K
Event: 3.890 GC heap after
Heap after GC invocations=5 (full 0):
 PSYoungGen      total 125952K, used 9195K [0x0000000774d80000, 0x000000078ac80000, 0x00000007c0000000)
  eden space 116736K, 0% used [0x0000000774d80000,0x0000000774d80000,0x000000077bf80000)
  from space 9216K, 99% used [0x000000077bf80000,0x000000077c87aef0,0x000000077c880000)
  to   space 62976K, 0% used [0x0000000786f00000,0x0000000786f00000,0x000000078ac80000)
 ParOldGen       total 154624K, used 77341K [0x00000006de800000, 0x00000006e7f00000, 0x0000000774d80000)
  object space 154624K, 50% used [0x00000006de800000,0x00000006e3387708,0x00000006e7f00000)
 Metaspace       used 16618K, capacity 16792K, committed 17024K, reserved 1064960K
  class space    used 1547K, capacity 1616K, committed 1664K, reserved 1048576K
}
Event: 4.354 GC heap before
{Heap before GC invocations=6 (full 0):
 PSYoungGen      total 125952K, used 124717K [0x0000000774d80000, 0x000000078ac80000, 0x00000007c0000000)
  eden space 116736K, 98% used [0x0000000774d80000,0x000000077be50648,0x000000077bf80000)
  from space 9216K, 99% used [0x000000077bf80000,0x000000077c87aef0,0x000000077c880000)
  to   space 62976K, 0% used [0x0000000786f00000,0x0000000786f00000,0x000000078ac80000)
 ParOldGen       total 154624K, used 77341K [0x00000006de800000, 0x00000006e7f00000, 0x0000000774d80000)
  object space 154624K, 50% used [0x00000006de800000,0x00000006e3387708,0x00000006e7f00000)
 Metaspace       used 16639K, capacity 16792K, committed 17024K, reserved 1064960K
  class space    used 1547K, capacity 1616K, committed 1664K, reserved 1048576K
Event: 4.374 GC heap after
Heap after GC invocations=6 (full 0):
 PSYoungGen      total 292352K, used 9139K [0x0000000774d80000, 0x000000078a880000, 0x00000007c0000000)
  eden space 233472K, 0% used [0x0000000774d80000,0x0000000774d80000,0x0000000783180000)
  from space 58880K, 15% used [0x0000000786f00000,0x00000007877ecf50,0x000000078a880000)
  to   space 60928K, 0% used [0x0000000783180000,0x0000000783180000,0x0000000786d00000)
 ParOldGen       total 154624K, used 77349K [0x00000006de800000, 0x00000006e7f00000, 0x0000000774d80000)
  object space 154624K, 50% used [0x00000006de800000,0x00000006e3389708,0x00000006e7f00000)
 Metaspace       used 16639K, capacity 16792K, committed 17024K, reserved 1064960K
  class space    used 1547K, capacity 1616K, committed 1664K, reserved 1048576K
}
Event: 5.365 GC heap before
{Heap before GC invocations=7 (full 0):
 PSYoungGen      total 292352K, used 234709K [0x0000000774d80000, 0x000000078a880000, 0x00000007c0000000)
  eden space 233472K, 96% used [0x0000000774d80000,0x00000007829c8728,0x0000000783180000)
  from space 58880K, 15% used [0x0000000786f00000,0x00000007877ecf50,0x000000078a880000)
  to   space 60928K, 0% used [0x0000000783180000,0x0000000783180000,0x0000000786d00000)
 ParOldGen       total 154624K, used 77349K [0x00000006de800000, 0x00000006e7f00000, 0x0000000774d80000)
  object space 154624K, 50% used [0x00000006de800000,0x00000006e3389708,0x00000006e7f00000)
 Metaspace       used 16699K, capacity 16856K, committed 17024K, reserved 1064960K
  class space    used 1547K, capacity 1616K, committed 1664K, reserved 1048576K
Event: 5.385 GC heap after
Heap after GC invocations=7 (full 0):
 PSYoungGen      total 294400K, used 8900K [0x0000000774d80000, 0x0000000798780000, 0x00000007c0000000)
  eden space 233472K, 0% used [0x0000000774d80000,0x0000000774d80000,0x0000000783180000)
  from space 60928K, 14% used [0x0000000783180000,0x0000000783a31010,0x0000000786d00000)
  to   space 58368K, 0% used [0x0000000794e80000,0x0000000794e80000,0x0000000798780000)
 ParOldGen       total 154624K, used 78296K [0x00000006de800000, 0x00000006e7f00000, 0x0000000774d80000)
  object space 154624K, 50% used [0x00000006de800000,0x00000006e3476008,0x00000006e7f00000)
 Metaspace       used 16699K, capacity 16856K, committed 17024K, reserved 1064960K
  class space    used 1547K, capacity 1616K, committed 1664K, reserved 1048576K
}
Event: 6.339 GC heap before
{Heap before GC invocations=8 (full 0):
 PSYoungGen      total 294400K, used 241752K [0x0000000774d80000, 0x0000000798780000, 0x00000007c0000000)
  eden space 233472K, 99% used [0x0000000774d80000,0x00000007830e50a8,0x0000000783180000)
  from space 60928K, 14% used [0x0000000783180000,0x0000000783a31010,0x0000000786d00000)
  to   space 58368K, 0% used [0x0000000794e80000,0x0000000794e80000,0x0000000798780000)
 ParOldGen       total 154624K, used 78296K [0x00000006de800000, 0x00000006e7f00000, 0x0000000774d80000)
  object space 154624K, 50% used [0x00000006de800000,0x00000006e3476008,0x00000006e7f00000)
 Metaspace       used 16757K, capacity 16920K, committed 17280K, reserved 1064960K
  class space    used 1547K, capacity 1616K, committed 1664K, reserved 1048576K
Event: 6.354 GC heap after
Heap after GC invocations=8 (full 0):
 PSYoungGen      total 521216K, used 8724K [0x0000000774d80000, 0x0000000798380000, 0x00000007c0000000)
  eden space 466944K, 0% used [0x0000000774d80000,0x0000000774d80000,0x0000000791580000)
  from space 54272K, 16% used [0x0000000794e80000,0x0000000795705020,0x0000000798380000)
  to   space 56320K, 0% used [0x0000000791580000,0x0000000791580000,0x0000000794c80000)
 ParOldGen       total 154624K, used 78376K [0x00000006de800000, 0x00000006e7f00000, 0x0000000774d80000)
  object space 154624K, 50% used [0x00000006de800000,0x00000006e348a008,0x00000006e7f00000)
 Metaspace       used 16757K, capacity 16920K, committed 17280K, reserved 1064960K
  class space    used 1547K, capacity 1616K, committed 1664K, reserved 1048576K
}
Event: 8.532 GC heap before
{Heap before GC invocations=9 (full 0):
 PSYoungGen      total 521216K, used 473430K [0x0000000774d80000, 0x0000000798380000, 0x00000007c0000000)
  eden space 466944K, 99% used [0x0000000774d80000,0x0000000791350b58,0x0000000791580000)
  from space 54272K, 16% used [0x0000000794e80000,0x0000000795705020,0x0000000798380000)
  to   space 56320K, 0% used [0x0000000791580000,0x0000000791580000,0x0000000794c80000)
 ParOldGen       total 154624K, used 78376K [0x00000006de800000, 0x00000006e7f00000, 0x0000000774d80000)
  object space 154624K, 50% used [0x00000006de800000,0x00000006e348a008,0x00000006e7f00000)
 Metaspace       used 16813K, capacity 17048K, committed 17280K, reserved 1064960K
  class space    used 1547K, capacity 1616K, committed 1664K, reserved 1048576K
Event: 8.548 GC heap after
Heap after GC invocations=9 (full 0):
 PSYoungGen      total 523264K, used 640K [0x0000000774d80000, 0x00000007a9380000, 0x00000007c0000000)
  eden space 466944K, 0% used [0x0000000774d80000,0x0000000774d80000,0x0000000791580000)
  from space 56320K, 1% used [0x0000000791580000,0x0000000791620000,0x0000000794c80000)
  to   space 55296K, 0% used [0x00000007a5d80000,0x00000007a5d80000,0x00000007a9380000)
 ParOldGen       total 154624K, used 86492K [0x00000006de800000, 0x00000006e7f00000, 0x0000000774d80000)
  object space 154624K, 55% used [0x00000006de800000,0x00000006e3c77018,0x00000006e7f00000)
 Metaspace       used 16813K, capacity 17048K, committed 17280K, reserved 1064960K
  class space    used 1547K, capacity 1616K, committed 1664K, reserved 1048576K
}

