# JRE version: Java(TM) SE Runtime Environment (8.0_121-b13) (build 1.8.0_121-b13)
# Java VM: Java HotSpot(TM) 64-Bit Server VM (25.121-b13 mixed mode windows-amd64 compressed oops)
Heap:
 PSYoungGen      total 67584K, used 39034K [0x0000000774d80000, 0x000000077d180000, 0x00000007c0000000)
  eden space 58368K, 51% used [0x0000000774d80000,0x0000000776aa3fc8,0x0000000778680000)
  from space 9216K, 99% used [0x0000000778f80000,0x000000077987a930,0x0000000779880000)
  to   space 9216K, 0% used [0x0000000778680000,0x0000000778680000,0x0000000778f80000)
 ParOldGen       total 154624K, used 57690K [0x00000006de800000, 0x00000006e7f00000, 0x0000000774d80000)
  object space 154624K, 37% used [0x00000006de800000,0x00000006e20569b8,0x00000006e7f00000)
 Metaspace       used 17048K, capacity 17240K, committed 17536K, reserved 1064960K
  class space    used 1548K, capacity 1616K, committed 1664K, reserved 1048576K
GC Heap History (4 events):
Event: 3.044 GC heap before
{Heap before GC invocations=1 (full 0):
 PSYoungGen      total 67584K, used 56837K [0x0000000774d80000, 0x0000000779880000, 0x00000007c0000000)
  eden space 58368K, 97% used [0x0000000774d80000,0x0000000778501480,0x0000000778680000)
  from space 9216K, 0% used [0x0000000778f80000,0x0000000778f80000,0x0000000779880000)
  to   space 9216K, 0% used [0x0000000778680000,0x0000000778680000,0x0000000778f80000)
 ParOldGen       total 154624K, used 0K [0x00000006de800000, 0x00000006e7f00000, 0x0000000774d80000)
  object space 154624K, 0% used [0x00000006de800000,0x00000006de800000,0x00000006e7f00000)
 Metaspace       used 16232K, capacity 16372K, committed 16768K, reserved 1064960K
  class space    used 1527K, capacity 1584K, committed 1664K, reserved 1048576K
Event: 3.052 GC heap after
Heap after GC invocations=1 (full 0):
 PSYoungGen      total 67584K, used 7285K [0x0000000774d80000, 0x0000000779880000, 0x00000007c0000000)
  eden space 58368K, 0% used [0x0000000774d80000,0x0000000774d80000,0x0000000778680000)
  from space 9216K, 79% used [0x0000000778680000,0x0000000778d9d630,0x0000000778f80000)
  to   space 9216K, 0% used [0x0000000778f80000,0x0000000778f80000,0x0000000779880000)
 ParOldGen       total 154624K, used 8116K [0x00000006de800000, 0x00000006e7f00000, 0x0000000774d80000)
  object space 154624K, 5% used [0x00000006de800000,0x00000006defed010,0x00000006e7f00000)
 Metaspace       used 16232K, capacity 16372K, committed 16768K, reserved 1064960K
  class space    used 1527K, capacity 1584K, committed 1664K, reserved 1048576K
}
Event: 4.063 GC heap before
{Heap before GC invocations=2 (full 0):
 PSYoungGen      total 67584K, used 65653K [0x0000000774d80000, 0x0000000779880000, 0x00000007c0000000)
  eden space 58368K, 100% used [0x0000000774d80000,0x0000000778680000,0x0000000778680000)
  from space 9216K, 79% used [0x0000000778680000,0x0000000778d9d630,0x0000000778f80000)
  to   space 9216K, 0% used [0x0000000778f80000,0x0000000778f80000,0x0000000779880000)
 ParOldGen       total 154624K, used 8116K [0x00000006de800000, 0x00000006e7f00000, 0x0000000774d80000)
  object space 154624K, 5% used [0x00000006de800000,0x00000006defed010,0x00000006e7f00000)
 Metaspace       used 16667K, capacity 16856K, committed 17024K, reserved 1064960K
  class space    used 1547K, capacity 1616K, committed 1664K, reserved 1048576K
Event: 4.083 GC heap after
Heap after GC invocations=2 (full 0):
 PSYoungGen      total 67584K, used 9194K [0x0000000774d80000, 0x000000077d180000, 0x00000007c0000000)
  eden space 58368K, 0% used [0x0000000774d80000,0x0000000774d80000,0x0000000778680000)
  from space 9216K, 99% used [0x0000000778f80000,0x000000077987a930,0x0000000779880000)
  to   space 9216K, 0% used [0x0000000778680000,0x0000000778680000,0x0000000778f80000)
 ParOldGen       total 154624K, used 57690K [0x00000006de800000, 0x00000006e7f00000, 0x0000000774d80000)
  object space 154624K, 37% used [0x00000006de800000,0x00000006e20569b8,0x00000006e7f00000)
 Metaspace       used 16667K, capacity 16856K, committed 17024K, reserved 1064960K
  class space    used 1547K, capacity 1616K, committed 1664K, reserved 1048576K
}

