# JRE version: Java(TM) SE Runtime Environment (8.0_121-b13) (build 1.8.0_121-b13)
# Java VM: Java HotSpot(TM) 64-Bit Server VM (25.121-b13 mixed mode windows-amd64 compressed oops)
Heap:
 PSYoungGen      total 939008K, used 643720K [0x0000000774d80000, 0x00000007b8480000, 0x00000007c0000000)
  eden space 938496K, 68% used [0x0000000774d80000,0x000000079c2120f8,0x00000007ae200000)
  from space 512K, 12% used [0x00000007b8400000,0x00000007b8410000,0x00000007b8480000)
  to   space 36352K, 0% used [0x00000007b3d80000,0x00000007b3d80000,0x00000007b6100000)
 ParOldGen       total 154624K, used 76197K [0x00000006de800000, 0x00000006e7f00000, 0x0000000774d80000)
  object space 154624K, 49% used [0x00000006de800000,0x00000006e32697a0,0x00000006e7f00000)
 Metaspace       used 17044K, capacity 17236K, committed 17536K, reserved 1064960K
  class space    used 1545K, capacity 1616K, committed 1664K, reserved 1048576K
GC Heap History (10 events):
Event: 10.276 GC heap before
{Heap before GC invocations=12 (full 0):
 PSYoungGen      total 795136K, used 744384K [0x0000000774d80000, 0x00000007bfd80000, 0x00000007c0000000)
  eden space 747520K, 99% used [0x0000000774d80000,0x00000007a2450298,0x00000007a2780000)
  from space 47616K, 0% used [0x00000007a2780000,0x00000007a27a0000,0x00000007a5600000)
  to   space 45568K, 0% used [0x00000007bd100000,0x00000007bd100000,0x00000007bfd80000)
 ParOldGen       total 154624K, used 75225K [0x00000006de800000, 0x00000006e7f00000, 0x0000000774d80000)
  object space 154624K, 48% used [0x00000006de800000,0x00000006e3176770,0x00000006e7f00000)
 Metaspace       used 16920K, capacity 17044K, committed 17280K, reserved 1064960K
  class space    used 1544K, capacity 1616K, committed 1664K, reserved 1048576K
Event: 10.277 GC heap after
Heap after GC invocations=12 (full 0):
 PSYoungGen      total 1181184K, used 64K [0x0000000774d80000, 0x00000007bfb00000, 0x00000007c0000000)
  eden space 1138176K, 0% used [0x0000000774d80000,0x0000000774d80000,0x00000007ba500000)
  from space 43008K, 0% used [0x00000007bd100000,0x00000007bd110000,0x00000007bfb00000)
  to   space 44032K, 0% used [0x00000007ba500000,0x00000007ba500000,0x00000007bd000000)
 ParOldGen       total 154624K, used 75249K [0x00000006de800000, 0x00000006e7f00000, 0x0000000774d80000)
  object space 154624K, 48% used [0x00000006de800000,0x00000006e317c770,0x00000006e7f00000)
 Metaspace       used 16920K, capacity 17044K, committed 17280K, reserved 1064960K
  class space    used 1544K, capacity 1616K, committed 1664K, reserved 1048576K
}
Event: 12.657 GC heap before
{Heap before GC invocations=13 (full 0):
 PSYoungGen      total 1181184K, used 1132755K [0x0000000774d80000, 0x00000007bfb00000, 0x00000007c0000000)
  eden space 1138176K, 99% used [0x0000000774d80000,0x00000007b9fa4e18,0x00000007ba500000)
  from space 43008K, 0% used [0x00000007bd100000,0x00000007bd110000,0x00000007bfb00000)
  to   space 44032K, 0% used [0x00000007ba500000,0x00000007ba500000,0x00000007bd000000)
 ParOldGen       total 154624K, used 75249K [0x00000006de800000, 0x00000006e7f00000, 0x0000000774d80000)
  object space 154624K, 48% used [0x00000006de800000,0x00000006e317c770,0x00000006e7f00000)
 Metaspace       used 16994K, capacity 17172K, committed 17536K, reserved 1064960K
  class space    used 1544K, capacity 1616K, committed 1664K, reserved 1048576K
Event: 12.659 GC heap after
Heap after GC invocations=13 (full 0):
 PSYoungGen      total 1084928K, used 64K [0x0000000774d80000, 0x00000007bd180000, 0x00000007c0000000)
  eden space 1084416K, 0% used [0x0000000774d80000,0x0000000774d80000,0x00000007b7080000)
  from space 512K, 12% used [0x00000007ba500000,0x00000007ba510000,0x00000007ba580000)
  to   space 41984K, 0% used [0x00000007ba880000,0x00000007ba880000,0x00000007bd180000)
 ParOldGen       total 154624K, used 75281K [0x00000006de800000, 0x00000006e7f00000, 0x0000000774d80000)
  object space 154624K, 48% used [0x00000006de800000,0x00000006e3184770,0x00000006e7f00000)
 Metaspace       used 16994K, capacity 17172K, committed 17536K, reserved 1064960K
  class space    used 1544K, capacity 1616K, committed 1664K, reserved 1048576K
}
Event: 14.890 GC heap before
{Heap before GC invocations=14 (full 0):
 PSYoungGen      total 1084928K, used 1082552K [0x0000000774d80000, 0x00000007bd180000, 0x00000007c0000000)
  eden space 1084416K, 99% used [0x0000000774d80000,0x00000007b6e9e300,0x00000007b7080000)
  from space 512K, 12% used [0x00000007ba500000,0x00000007ba510000,0x00000007ba580000)
  to   space 41984K, 0% used [0x00000007ba880000,0x00000007ba880000,0x00000007bd180000)
 ParOldGen       total 154624K, used 75281K [0x00000006de800000, 0x00000006e7f00000, 0x0000000774d80000)
  object space 154624K, 48% used [0x00000006de800000,0x00000006e3184770,0x00000006e7f00000)
 Metaspace       used 17030K, capacity 17236K, committed 17536K, reserved 1064960K
  class space    used 1544K, capacity 1616K, committed 1664K, reserved 1048576K
Event: 14.892 GC heap after
Heap after GC invocations=14 (full 0):
 PSYoungGen      total 1034240K, used 992K [0x0000000774d80000, 0x00000007ba980000, 0x00000007c0000000)
  eden space 1033216K, 0% used [0x0000000774d80000,0x0000000774d80000,0x00000007b3e80000)
  from space 1024K, 96% used [0x00000007ba880000,0x00000007ba978000,0x00000007ba980000)
  to   space 39936K, 0% used [0x00000007b5b80000,0x00000007b5b80000,0x00000007b8280000)
 ParOldGen       total 154624K, used 75297K [0x00000006de800000, 0x00000006e7f00000, 0x0000000774d80000)
  object space 154624K, 48% used [0x00000006de800000,0x00000006e3188770,0x00000006e7f00000)
 Metaspace       used 17030K, capacity 17236K, committed 17536K, reserved 1064960K
  class space    used 1544K, capacity 1616K, committed 1664K, reserved 1048576K
}
Event: 17.034 GC heap before
{Heap before GC invocations=15 (full 0):
 PSYoungGen      total 1034240K, used 1033942K [0x0000000774d80000, 0x00000007ba980000, 0x00000007c0000000)
  eden space 1033216K, 99% used [0x0000000774d80000,0x00000007b3e3db28,0x00000007b3e80000)
  from space 1024K, 96% used [0x00000007ba880000,0x00000007ba978000,0x00000007ba980000)
  to   space 39936K, 0% used [0x00000007b5b80000,0x00000007b5b80000,0x00000007b8280000)
 ParOldGen       total 154624K, used 75297K [0x00000006de800000, 0x00000006e7f00000, 0x0000000774d80000)
  object space 154624K, 48% used [0x00000006de800000,0x00000006e3188770,0x00000006e7f00000)
 Metaspace       used 17039K, capacity 17236K, committed 17536K, reserved 1064960K
  class space    used 1544K, capacity 1616K, committed 1664K, reserved 1048576K
Event: 17.036 GC heap after
Heap after GC invocations=15 (full 0):
 PSYoungGen      total 1024512K, used 32K [0x0000000774d80000, 0x00000007ba900000, 0x00000007c0000000)
  eden space 984576K, 0% used [0x0000000774d80000,0x0000000774d80000,0x00000007b0f00000)
  from space 39936K, 0% used [0x00000007b5b80000,0x00000007b5b88000,0x00000007b8280000)
  to   space 37888K, 0% used [0x00000007b8400000,0x00000007b8400000,0x00000007ba900000)
 ParOldGen       total 154624K, used 76197K [0x00000006de800000, 0x00000006e7f00000, 0x0000000774d80000)
  object space 154624K, 49% used [0x00000006de800000,0x00000006e32697a0,0x00000006e7f00000)
 Metaspace       used 17039K, capacity 17236K, committed 17536K, reserved 1064960K
  class space    used 1544K, capacity 1616K, committed 1664K, reserved 1048576K
}
Event: 19.062 GC heap before
{Heap before GC invocations=16 (full 0):
 PSYoungGen      total 1024512K, used 983490K [0x0000000774d80000, 0x00000007ba900000, 0x00000007c0000000)
  eden space 984576K, 99% used [0x0000000774d80000,0x00000007b0de8818,0x00000007b0f00000)
  from space 39936K, 0% used [0x00000007b5b80000,0x00000007b5b88000,0x00000007b8280000)
  to   space 37888K, 0% used [0x00000007b8400000,0x00000007b8400000,0x00000007ba900000)
 ParOldGen       total 154624K, used 76197K [0x00000006de800000, 0x00000006e7f00000, 0x0000000774d80000)
  object space 154624K, 49% used [0x00000006de800000,0x00000006e32697a0,0x00000006e7f00000)
 Metaspace       used 17039K, capacity 17236K, committed 17536K, reserved 1064960K
  class space    used 1544K, capacity 1616K, committed 1664K, reserved 1048576K
Event: 19.067 GC heap after
Heap after GC invocations=16 (full 0):
 PSYoungGen      total 939008K, used 64K [0x0000000774d80000, 0x00000007b8480000, 0x00000007c0000000)
  eden space 938496K, 0% used [0x0000000774d80000,0x0000000774d80000,0x00000007ae200000)
  from space 512K, 12% used [0x00000007b8400000,0x00000007b8410000,0x00000007b8480000)
  to   space 36352K, 0% used [0x00000007b3d80000,0x00000007b3d80000,0x00000007b6100000)
 ParOldGen       total 154624K, used 76197K [0x00000006de800000, 0x00000006e7f00000, 0x0000000774d80000)
  object space 154624K, 49% used [0x00000006de800000,0x00000006e32697a0,0x00000006e7f00000)
 Metaspace       used 17039K, capacity 17236K, committed 17536K, reserved 1064960K
  class space    used 1544K, capacity 1616K, committed 1664K, reserved 1048576K
}

