# JRE version: Java(TM) SE Runtime Environment (8.0_121-b13) (build 1.8.0_121-b13)
# Java VM: Java HotSpot(TM) 64-Bit Server VM (25.121-b13 mixed mode windows-amd64 compressed oops)
Heap:
 PSYoungGen      total 374784K, used 218317K [0x0000000774d80000, 0x00000007ab880000, 0x00000007c0000000)
  eden space 374272K, 58% used [0x0000000774d80000,0x00000007822835d8,0x000000078bb00000)
  from space 512K, 37% used [0x00000007ab800000,0x00000007ab830000,0x00000007ab880000)
  to   space 9728K, 0% used [0x00000007aa580000,0x00000007aa580000,0x00000007aaf00000)
 ParOldGen       total 154624K, used 76541K [0x00000006de800000, 0x00000006e7f00000, 0x0000000774d80000)
  object space 154624K, 49% used [0x00000006de800000,0x00000006e32bf6c0,0x00000006e7f00000)
 Metaspace       used 17102K, capacity 17272K, committed 17536K, reserved 1064960K
  class space    used 1549K, capacity 1648K, committed 1664K, reserved 1048576K
GC Heap History (10 events):
Event: 44.182 GC heap before
{Heap before GC invocations=32 (full 0):
 PSYoungGen      total 482304K, used 463465K [0x0000000774d80000, 0x00000007adb80000, 0x00000007c0000000)
  eden space 466944K, 99% used [0x0000000774d80000,0x00000007912126a8,0x0000000791580000)
  from space 15360K, 0% used [0x00000007abd80000,0x00000007abd88000,0x00000007acc80000)
  to   space 14336K, 0% used [0x00000007acd80000,0x00000007acd80000,0x00000007adb80000)
 ParOldGen       total 154624K, used 76493K [0x00000006de800000, 0x00000006e7f00000, 0x0000000774d80000)
  object space 154624K, 49% used [0x00000006de800000,0x00000006e32b36c0,0x00000006e7f00000)
 Metaspace       used 17097K, capacity 17272K, committed 17536K, reserved 1064960K
  class space    used 1548K, capacity 1648K, committed 1664K, reserved 1048576K
Event: 44.185 GC heap after
Heap after GC invocations=32 (full 0):
 PSYoungGen      total 446976K, used 32K [0x0000000774d80000, 0x00000007ace00000, 0x00000007c0000000)
  eden space 446464K, 0% used [0x0000000774d80000,0x0000000774d80000,0x0000000790180000)
  from space 512K, 6% used [0x00000007acd80000,0x00000007acd88000,0x00000007ace00000)
  to   space 13312K, 0% used [0x00000007ab400000,0x00000007ab400000,0x00000007ac100000)
 ParOldGen       total 154624K, used 76517K [0x00000006de800000, 0x00000006e7f00000, 0x0000000774d80000)
  object space 154624K, 49% used [0x00000006de800000,0x00000006e32b96c0,0x00000006e7f00000)
 Metaspace       used 17097K, capacity 17272K, committed 17536K, reserved 1064960K
  class space    used 1548K, capacity 1648K, committed 1664K, reserved 1048576K
}
Event: 45.180 GC heap before
{Heap before GC invocations=33 (full 0):
 PSYoungGen      total 446976K, used 446323K [0x0000000774d80000, 0x00000007ace00000, 0x00000007c0000000)
  eden space 446464K, 99% used [0x0000000774d80000,0x0000000790154ce0,0x0000000790180000)
  from space 512K, 6% used [0x00000007acd80000,0x00000007acd88000,0x00000007ace00000)
  to   space 13312K, 0% used [0x00000007ab400000,0x00000007ab400000,0x00000007ac100000)
 ParOldGen       total 154624K, used 76517K [0x00000006de800000, 0x00000006e7f00000, 0x0000000774d80000)
  object space 154624K, 49% used [0x00000006de800000,0x00000006e32b96c0,0x00000006e7f00000)
 Metaspace       used 17097K, capacity 17272K, committed 17536K, reserved 1064960K
  class space    used 1548K, capacity 1648K, committed 1664K, reserved 1048576K
Event: 45.181 GC heap after
Heap after GC invocations=33 (full 0):
 PSYoungGen      total 440320K, used 32K [0x0000000774d80000, 0x00000007ace00000, 0x00000007c0000000)
  eden space 427008K, 0% used [0x0000000774d80000,0x0000000774d80000,0x000000078ee80000)
  from space 13312K, 0% used [0x00000007ab400000,0x00000007ab408000,0x00000007ac100000)
  to   space 12288K, 0% used [0x00000007ac200000,0x00000007ac200000,0x00000007ace00000)
 ParOldGen       total 154624K, used 76541K [0x00000006de800000, 0x00000006e7f00000, 0x0000000774d80000)
  object space 154624K, 49% used [0x00000006de800000,0x00000006e32bf6c0,0x00000006e7f00000)
 Metaspace       used 17097K, capacity 17272K, committed 17536K, reserved 1064960K
  class space    used 1548K, capacity 1648K, committed 1664K, reserved 1048576K
}
Event: 46.096 GC heap before
{Heap before GC invocations=34 (full 0):
 PSYoungGen      total 440320K, used 422059K [0x0000000774d80000, 0x00000007ace00000, 0x00000007c0000000)
  eden space 427008K, 98% used [0x0000000774d80000,0x000000078e9a2c80,0x000000078ee80000)
  from space 13312K, 0% used [0x00000007ab400000,0x00000007ab408000,0x00000007ac100000)
  to   space 12288K, 0% used [0x00000007ac200000,0x00000007ac200000,0x00000007ace00000)
 ParOldGen       total 154624K, used 76541K [0x00000006de800000, 0x00000006e7f00000, 0x0000000774d80000)
  object space 154624K, 49% used [0x00000006de800000,0x00000006e32bf6c0,0x00000006e7f00000)
 Metaspace       used 17097K, capacity 17272K, committed 17536K, reserved 1064960K
  class space    used 1548K, capacity 1648K, committed 1664K, reserved 1048576K
Event: 46.098 GC heap after
Heap after GC invocations=34 (full 0):
 PSYoungGen      total 409088K, used 32K [0x0000000774d80000, 0x00000007ac280000, 0x00000007c0000000)
  eden space 408576K, 0% used [0x0000000774d80000,0x0000000774d80000,0x000000078dc80000)
  from space 512K, 6% used [0x00000007ac200000,0x00000007ac208000,0x00000007ac280000)
  to   space 11264K, 0% used [0x00000007aac80000,0x00000007aac80000,0x00000007ab780000)
 ParOldGen       total 154624K, used 76541K [0x00000006de800000, 0x00000006e7f00000, 0x0000000774d80000)
  object space 154624K, 49% used [0x00000006de800000,0x00000006e32bf6c0,0x00000006e7f00000)
 Metaspace       used 17097K, capacity 17272K, committed 17536K, reserved 1064960K
  class space    used 1548K, capacity 1648K, committed 1664K, reserved 1048576K
}
Event: 47.017 GC heap before
{Heap before GC invocations=35 (full 0):
 PSYoungGen      total 409088K, used 405339K [0x0000000774d80000, 0x00000007ac280000, 0x00000007c0000000)
  eden space 408576K, 99% used [0x0000000774d80000,0x000000078d94eea8,0x000000078dc80000)
  from space 512K, 6% used [0x00000007ac200000,0x00000007ac208000,0x00000007ac280000)
  to   space 11264K, 0% used [0x00000007aac80000,0x00000007aac80000,0x00000007ab780000)
 ParOldGen       total 154624K, used 76541K [0x00000006de800000, 0x00000006e7f00000, 0x0000000774d80000)
  object space 154624K, 49% used [0x00000006de800000,0x00000006e32bf6c0,0x00000006e7f00000)
 Metaspace       used 17097K, capacity 17272K, committed 17536K, reserved 1064960K
  class space    used 1548K, capacity 1648K, committed 1664K, reserved 1048576K
Event: 47.018 GC heap after
Heap after GC invocations=35 (full 0):
 PSYoungGen      total 402432K, used 96K [0x0000000774d80000, 0x00000007ac280000, 0x00000007c0000000)
  eden space 391168K, 0% used [0x0000000774d80000,0x0000000774d80000,0x000000078cb80000)
  from space 11264K, 0% used [0x00000007aac80000,0x00000007aac98000,0x00000007ab780000)
  to   space 10752K, 0% used [0x00000007ab800000,0x00000007ab800000,0x00000007ac280000)
 ParOldGen       total 154624K, used 76541K [0x00000006de800000, 0x00000006e7f00000, 0x0000000774d80000)
  object space 154624K, 49% used [0x00000006de800000,0x00000006e32bf6c0,0x00000006e7f00000)
 Metaspace       used 17097K, capacity 17272K, committed 17536K, reserved 1064960K
  class space    used 1548K, capacity 1648K, committed 1664K, reserved 1048576K
}
Event: 47.868 GC heap before
{Heap before GC invocations=36 (full 0):
 PSYoungGen      total 402432K, used 388766K [0x0000000774d80000, 0x00000007ac280000, 0x00000007c0000000)
  eden space 391168K, 99% used [0x0000000774d80000,0x000000078c90fa50,0x000000078cb80000)
  from space 11264K, 0% used [0x00000007aac80000,0x00000007aac98000,0x00000007ab780000)
  to   space 10752K, 0% used [0x00000007ab800000,0x00000007ab800000,0x00000007ac280000)
 ParOldGen       total 154624K, used 76541K [0x00000006de800000, 0x00000006e7f00000, 0x0000000774d80000)
  object space 154624K, 49% used [0x00000006de800000,0x00000006e32bf6c0,0x00000006e7f00000)
 Metaspace       used 17098K, capacity 17272K, committed 17536K, reserved 1064960K
  class space    used 1548K, capacity 1648K, committed 1664K, reserved 1048576K
Event: 47.871 GC heap after
Heap after GC invocations=36 (full 0):
 PSYoungGen      total 374784K, used 192K [0x0000000774d80000, 0x00000007ab880000, 0x00000007c0000000)
  eden space 374272K, 0% used [0x0000000774d80000,0x0000000774d80000,0x000000078bb00000)
  from space 512K, 37% used [0x00000007ab800000,0x00000007ab830000,0x00000007ab880000)
  to   space 9728K, 0% used [0x00000007aa580000,0x00000007aa580000,0x00000007aaf00000)
 ParOldGen       total 154624K, used 76541K [0x00000006de800000, 0x00000006e7f00000, 0x0000000774d80000)
  object space 154624K, 49% used [0x00000006de800000,0x00000006e32bf6c0,0x00000006e7f00000)
 Metaspace       used 17098K, capacity 17272K, committed 17536K, reserved 1064960K
  class space    used 1548K, capacity 1648K, committed 1664K, reserved 1048576K
}

