# JRE version: Java(TM) SE Runtime Environment (8.0_121-b13) (build 1.8.0_121-b13)
# Java VM: Java HotSpot(TM) 64-Bit Server VM (25.121-b13 mixed mode windows-amd64 compressed oops)
Heap:
 PSYoungGen      total 930816K, used 507298K [0x0000000774d80000, 0x00000007b8600000, 0x00000007c0000000)
  eden space 895488K, 56% used [0x0000000774d80000,0x0000000793be8b08,0x00000007ab800000)
  from space 35328K, 2% used [0x00000007b4100000,0x00000007b4200000,0x00000007b6380000)
  to   space 33280K, 0% used [0x00000007b6580000,0x00000007b6580000,0x00000007b8600000)
 ParOldGen       total 154624K, used 75334K [0x00000006de800000, 0x00000006e7f00000, 0x0000000774d80000)
  object space 154624K, 48% used [0x00000006de800000,0x00000006e3191b78,0x00000006e7f00000)
 Metaspace       used 17061K, capacity 17240K, committed 17536K, reserved 1064960K
  class space    used 1546K, capacity 1616K, committed 1664K, reserved 1048576K
GC Heap History (10 events):
Event: 12.567 GC heap before
{Heap before GC invocations=13 (full 0):
 PSYoungGen      total 1181696K, used 1137824K [0x0000000774d80000, 0x00000007bfb00000, 0x00000007c0000000)
  eden space 1139200K, 99% used [0x0000000774d80000,0x00000007ba490070,0x00000007ba600000)
  from space 42496K, 0% used [0x00000007bd180000,0x00000007bd198000,0x00000007bfb00000)
  to   space 43520K, 0% used [0x00000007ba600000,0x00000007ba600000,0x00000007bd080000)
 ParOldGen       total 154624K, used 75190K [0x00000006de800000, 0x00000006e7f00000, 0x0000000774d80000)
  object space 154624K, 48% used [0x00000006de800000,0x00000006e316db78,0x00000006e7f00000)
 Metaspace       used 17026K, capacity 17240K, committed 17536K, reserved 1064960K
  class space    used 1545K, capacity 1616K, committed 1664K, reserved 1048576K
Event: 12.568 GC heap after
Heap after GC invocations=13 (full 0):
 PSYoungGen      total 1085952K, used 96K [0x0000000774d80000, 0x00000007bd200000, 0x00000007c0000000)
  eden space 1085440K, 0% used [0x0000000774d80000,0x0000000774d80000,0x00000007b7180000)
  from space 512K, 18% used [0x00000007ba600000,0x00000007ba618000,0x00000007ba680000)
  to   space 41472K, 0% used [0x00000007ba980000,0x00000007ba980000,0x00000007bd200000)
 ParOldGen       total 154624K, used 75214K [0x00000006de800000, 0x00000006e7f00000, 0x0000000774d80000)
  object space 154624K, 48% used [0x00000006de800000,0x00000006e3173b78,0x00000006e7f00000)
 Metaspace       used 17026K, capacity 17240K, committed 17536K, reserved 1064960K
  class space    used 1545K, capacity 1616K, committed 1664K, reserved 1048576K
}
Event: 14.770 GC heap before
{Heap before GC invocations=14 (full 0):
 PSYoungGen      total 1085952K, used 1082511K [0x0000000774d80000, 0x00000007bd200000, 0x00000007c0000000)
  eden space 1085440K, 99% used [0x0000000774d80000,0x00000007b6e8bc10,0x00000007b7180000)
  from space 512K, 18% used [0x00000007ba600000,0x00000007ba618000,0x00000007ba680000)
  to   space 41472K, 0% used [0x00000007ba980000,0x00000007ba980000,0x00000007bd200000)
 ParOldGen       total 154624K, used 75214K [0x00000006de800000, 0x00000006e7f00000, 0x0000000774d80000)
  object space 154624K, 48% used [0x00000006de800000,0x00000006e3173b78,0x00000006e7f00000)
 Metaspace       used 17026K, capacity 17240K, committed 17536K, reserved 1064960K
  class space    used 1545K, capacity 1616K, committed 1664K, reserved 1048576K
Event: 14.771 GC heap after
Heap after GC invocations=14 (full 0):
 PSYoungGen      total 1034752K, used 128K [0x0000000774d80000, 0x00000007baa00000, 0x00000007c0000000)
  eden space 1034240K, 0% used [0x0000000774d80000,0x0000000774d80000,0x00000007b3f80000)
  from space 512K, 25% used [0x00000007ba980000,0x00000007ba9a0000,0x00000007baa00000)
  to   space 39424K, 0% used [0x00000007b5d00000,0x00000007b5d00000,0x00000007b8380000)
 ParOldGen       total 154624K, used 75230K [0x00000006de800000, 0x00000006e7f00000, 0x0000000774d80000)
  object space 154624K, 48% used [0x00000006de800000,0x00000006e3177b78,0x00000006e7f00000)
 Metaspace       used 17026K, capacity 17240K, committed 17536K, reserved 1064960K
  class space    used 1545K, capacity 1616K, committed 1664K, reserved 1048576K
}
Event: 16.898 GC heap before
{Heap before GC invocations=15 (full 0):
 PSYoungGen      total 1034752K, used 1033041K [0x0000000774d80000, 0x00000007baa00000, 0x00000007c0000000)
  eden space 1034240K, 99% used [0x0000000774d80000,0x00000007b3e34558,0x00000007b3f80000)
  from space 512K, 25% used [0x00000007ba980000,0x00000007ba9a0000,0x00000007baa00000)
  to   space 39424K, 0% used [0x00000007b5d00000,0x00000007b5d00000,0x00000007b8380000)
 ParOldGen       total 154624K, used 75230K [0x00000006de800000, 0x00000006e7f00000, 0x0000000774d80000)
  object space 154624K, 48% used [0x00000006de800000,0x00000006e3177b78,0x00000006e7f00000)
 Metaspace       used 17026K, capacity 17240K, committed 17536K, reserved 1064960K
  class space    used 1545K, capacity 1616K, committed 1664K, reserved 1048576K
Event: 16.899 GC heap after
Heap after GC invocations=15 (full 0):
 PSYoungGen      total 1025024K, used 32K [0x0000000774d80000, 0x00000007baa00000, 0x00000007c0000000)
  eden space 985600K, 0% used [0x0000000774d80000,0x0000000774d80000,0x00000007b1000000)
  from space 39424K, 0% used [0x00000007b5d00000,0x00000007b5d08000,0x00000007b8380000)
  to   space 37376K, 0% used [0x00000007b8580000,0x00000007b8580000,0x00000007baa00000)
 ParOldGen       total 154624K, used 75278K [0x00000006de800000, 0x00000006e7f00000, 0x0000000774d80000)
  object space 154624K, 48% used [0x00000006de800000,0x00000006e3183b78,0x00000006e7f00000)
 Metaspace       used 17026K, capacity 17240K, committed 17536K, reserved 1064960K
  class space    used 1545K, capacity 1616K, committed 1664K, reserved 1048576K
}
Event: 18.926 GC heap before
{Heap before GC invocations=16 (full 0):
 PSYoungGen      total 1025024K, used 983454K [0x0000000774d80000, 0x00000007baa00000, 0x00000007c0000000)
  eden space 985600K, 99% used [0x0000000774d80000,0x00000007b0ddf860,0x00000007b1000000)
  from space 39424K, 0% used [0x00000007b5d00000,0x00000007b5d08000,0x00000007b8380000)
  to   space 37376K, 0% used [0x00000007b8580000,0x00000007b8580000,0x00000007baa00000)
 ParOldGen       total 154624K, used 75278K [0x00000006de800000, 0x00000006e7f00000, 0x0000000774d80000)
  object space 154624K, 48% used [0x00000006de800000,0x00000006e3183b78,0x00000006e7f00000)
 Metaspace       used 17026K, capacity 17240K, committed 17536K, reserved 1064960K
  class space    used 1545K, capacity 1616K, committed 1664K, reserved 1048576K
Event: 18.930 GC heap after
Heap after GC invocations=16 (full 0):
 PSYoungGen      total 940032K, used 192K [0x0000000774d80000, 0x00000007b8600000, 0x00000007c0000000)
  eden space 939520K, 0% used [0x0000000774d80000,0x0000000774d80000,0x00000007ae300000)
  from space 512K, 37% used [0x00000007b8580000,0x00000007b85b0000,0x00000007b8600000)
  to   space 35328K, 0% used [0x00000007b4100000,0x00000007b4100000,0x00000007b6380000)
 ParOldGen       total 154624K, used 75278K [0x00000006de800000, 0x00000006e7f00000, 0x0000000774d80000)
  object space 154624K, 48% used [0x00000006de800000,0x00000006e3183b78,0x00000006e7f00000)
 Metaspace       used 17026K, capacity 17240K, committed 17536K, reserved 1064960K
  class space    used 1545K, capacity 1616K, committed 1664K, reserved 1048576K
}
Event: 20.896 GC heap before
{Heap before GC invocations=17 (full 0):
 PSYoungGen      total 940032K, used 936603K [0x0000000774d80000, 0x00000007b8600000, 0x00000007c0000000)
  eden space 939520K, 99% used [0x0000000774d80000,0x00000007adff6d50,0x00000007ae300000)
  from space 512K, 37% used [0x00000007b8580000,0x00000007b85b0000,0x00000007b8600000)
  to   space 35328K, 0% used [0x00000007b4100000,0x00000007b4100000,0x00000007b6380000)
 ParOldGen       total 154624K, used 75278K [0x00000006de800000, 0x00000006e7f00000, 0x0000000774d80000)
  object space 154624K, 48% used [0x00000006de800000,0x00000006e3183b78,0x00000006e7f00000)
 Metaspace       used 17054K, capacity 17240K, committed 17536K, reserved 1064960K
  class space    used 1545K, capacity 1616K, committed 1664K, reserved 1048576K
Event: 20.897 GC heap after
Heap after GC invocations=17 (full 0):
 PSYoungGen      total 930816K, used 1024K [0x0000000774d80000, 0x00000007b8600000, 0x00000007c0000000)
  eden space 895488K, 0% used [0x0000000774d80000,0x0000000774d80000,0x00000007ab800000)
  from space 35328K, 2% used [0x00000007b4100000,0x00000007b4200000,0x00000007b6380000)
  to   space 33280K, 0% used [0x00000007b6580000,0x00000007b6580000,0x00000007b8600000)
 ParOldGen       total 154624K, used 75334K [0x00000006de800000, 0x00000006e7f00000, 0x0000000774d80000)
  object space 154624K, 48% used [0x00000006de800000,0x00000006e3191b78,0x00000006e7f00000)
 Metaspace       used 17054K, capacity 17240K, committed 17536K, reserved 1064960K
  class space    used 1545K, capacity 1616K, committed 1664K, reserved 1048576K
}

