# JRE version: Java(TM) SE Runtime Environment (8.0_121-b13) (build 1.8.0_121-b13)
# Java VM: Java HotSpot(TM) 64-Bit Server VM (25.121-b13 mixed mode windows-amd64 compressed oops)
Heap:
 PSYoungGen      total 792576K, used 277819K [0x0000000774d80000, 0x00000007a8180000, 0x00000007c0000000)
  eden space 747520K, 37% used [0x0000000774d80000,0x0000000785bded98,0x00000007a2780000)
  from space 45056K, 2% used [0x00000007a5580000,0x00000007a5670000,0x00000007a8180000)
  to   space 46080K, 0% used [0x00000007a2780000,0x00000007a2780000,0x00000007a5480000)
 ParOldGen       total 154624K, used 75150K [0x00000006de800000, 0x00000006e7f00000, 0x0000000774d80000)
  object space 154624K, 48% used [0x00000006de800000,0x00000006e3163b58,0x00000006e7f00000)
 Metaspace       used 16873K, capacity 17048K, committed 17280K, reserved 1064960K
  class space    used 1546K, capacity 1616K, committed 1664K, reserved 1048576K
GC Heap History (10 events):
Event: 4.422 GC heap before
{Heap before GC invocations=6 (full 0):
 PSYoungGen      total 125952K, used 124730K [0x0000000774d80000, 0x0000000789c80000, 0x00000007c0000000)
  eden space 116736K, 98% used [0x0000000774d80000,0x000000077be512c0,0x000000077bf80000)
  from space 9216K, 99% used [0x000000077bf80000,0x000000077c87d910,0x000000077c880000)
  to   space 54784K, 0% used [0x0000000786700000,0x0000000786700000,0x0000000789c80000)
 ParOldGen       total 154624K, used 65840K [0x00000006de800000, 0x00000006e7f00000, 0x0000000774d80000)
  object space 154624K, 42% used [0x00000006de800000,0x00000006e284c0f0,0x00000006e7f00000)
 Metaspace       used 16649K, capacity 16792K, committed 17024K, reserved 1064960K
  class space    used 1545K, capacity 1616K, committed 1664K, reserved 1048576K
Event: 4.453 GC heap after
Heap after GC invocations=6 (full 0):
 PSYoungGen      total 282112K, used 9288K [0x0000000774d80000, 0x0000000789680000, 0x00000007c0000000)
  eden space 233472K, 0% used [0x0000000774d80000,0x0000000774d80000,0x0000000783180000)
  from space 48640K, 19% used [0x0000000786700000,0x0000000787012240,0x0000000789680000)
  to   space 51712K, 0% used [0x0000000783180000,0x0000000783180000,0x0000000786400000)
 ParOldGen       total 154624K, used 65840K [0x00000006de800000, 0x00000006e7f00000, 0x0000000774d80000)
  object space 154624K, 42% used [0x00000006de800000,0x00000006e284c0f0,0x00000006e7f00000)
 Metaspace       used 16649K, capacity 16792K, committed 17024K, reserved 1064960K
  class space    used 1545K, capacity 1616K, committed 1664K, reserved 1048576K
}
Event: 5.421 GC heap before
{Heap before GC invocations=7 (full 0):
 PSYoungGen      total 282112K, used 241099K [0x0000000774d80000, 0x0000000789680000, 0x00000007c0000000)
  eden space 233472K, 99% used [0x0000000774d80000,0x0000000782fe0bf0,0x0000000783180000)
  from space 48640K, 19% used [0x0000000786700000,0x0000000787012240,0x0000000789680000)
  to   space 51712K, 0% used [0x0000000783180000,0x0000000783180000,0x0000000786400000)
 ParOldGen       total 154624K, used 65840K [0x00000006de800000, 0x00000006e7f00000, 0x0000000774d80000)
  object space 154624K, 42% used [0x00000006de800000,0x00000006e284c0f0,0x00000006e7f00000)
 Metaspace       used 16678K, capacity 16856K, committed 17024K, reserved 1064960K
  class space    used 1545K, capacity 1616K, committed 1664K, reserved 1048576K
Event: 5.439 GC heap after
Heap after GC invocations=7 (full 0):
 PSYoungGen      total 285184K, used 8260K [0x0000000774d80000, 0x0000000797680000, 0x00000007c0000000)
  eden space 233472K, 0% used [0x0000000774d80000,0x0000000774d80000,0x0000000783180000)
  from space 51712K, 15% used [0x0000000783180000,0x0000000783991010,0x0000000786400000)
  to   space 49664K, 0% used [0x0000000794600000,0x0000000794600000,0x0000000797680000)
 ParOldGen       total 154624K, used 66954K [0x00000006de800000, 0x00000006e7f00000, 0x0000000774d80000)
  object space 154624K, 43% used [0x00000006de800000,0x00000006e2962b48,0x00000006e7f00000)
 Metaspace       used 16678K, capacity 16856K, committed 17024K, reserved 1064960K
  class space    used 1545K, capacity 1616K, committed 1664K, reserved 1048576K
}
Event: 6.381 GC heap before
{Heap before GC invocations=8 (full 0):
 PSYoungGen      total 285184K, used 239501K [0x0000000774d80000, 0x0000000797680000, 0x00000007c0000000)
  eden space 233472K, 99% used [0x0000000774d80000,0x0000000782f525d0,0x0000000783180000)
  from space 51712K, 15% used [0x0000000783180000,0x0000000783991010,0x0000000786400000)
  to   space 49664K, 0% used [0x0000000794600000,0x0000000794600000,0x0000000797680000)
 ParOldGen       total 154624K, used 66954K [0x00000006de800000, 0x00000006e7f00000, 0x0000000774d80000)
  object space 154624K, 43% used [0x00000006de800000,0x00000006e2962b48,0x00000006e7f00000)
 Metaspace       used 16719K, capacity 16856K, committed 17024K, reserved 1064960K
  class space    used 1545K, capacity 1616K, committed 1664K, reserved 1048576K
Event: 6.396 GC heap after
Heap after GC invocations=8 (full 0):
 PSYoungGen      total 512512K, used 8196K [0x0000000774d80000, 0x0000000797280000, 0x00000007c0000000)
  eden space 466944K, 0% used [0x0000000774d80000,0x0000000774d80000,0x0000000791580000)
  from space 45568K, 17% used [0x0000000794600000,0x0000000794e01010,0x0000000797280000)
  to   space 47616K, 0% used [0x0000000791580000,0x0000000791580000,0x0000000794400000)
 ParOldGen       total 154624K, used 66994K [0x00000006de800000, 0x00000006e7f00000, 0x0000000774d80000)
  object space 154624K, 43% used [0x00000006de800000,0x00000006e296cb48,0x00000006e7f00000)
 Metaspace       used 16719K, capacity 16856K, committed 17024K, reserved 1064960K
  class space    used 1545K, capacity 1616K, committed 1664K, reserved 1048576K
}
Event: 8.320 GC heap before
{Heap before GC invocations=9 (full 0):
 PSYoungGen      total 512512K, used 469075K [0x0000000774d80000, 0x0000000797280000, 0x00000007c0000000)
  eden space 466944K, 98% used [0x0000000774d80000,0x0000000790f93e58,0x0000000791580000)
  from space 45568K, 17% used [0x0000000794600000,0x0000000794e01010,0x0000000797280000)
  to   space 47616K, 0% used [0x0000000791580000,0x0000000791580000,0x0000000794400000)
 ParOldGen       total 154624K, used 66994K [0x00000006de800000, 0x00000006e7f00000, 0x0000000774d80000)
  object space 154624K, 43% used [0x00000006de800000,0x00000006e296cb48,0x00000006e7f00000)
 Metaspace       used 16798K, capacity 16984K, committed 17280K, reserved 1064960K
  class space    used 1545K, capacity 1616K, committed 1664K, reserved 1048576K
Event: 8.337 GC heap after
Heap after GC invocations=9 (full 0):
 PSYoungGen      total 514560K, used 992K [0x0000000774d80000, 0x00000007a8380000, 0x00000007c0000000)
  eden space 466944K, 0% used [0x0000000774d80000,0x0000000774d80000,0x0000000791580000)
  from space 47616K, 2% used [0x0000000791580000,0x0000000791678000,0x0000000794400000)
  to   space 47104K, 0% used [0x00000007a5580000,0x00000007a5580000,0x00000007a8380000)
 ParOldGen       total 154624K, used 75118K [0x00000006de800000, 0x00000006e7f00000, 0x0000000774d80000)
  object space 154624K, 48% used [0x00000006de800000,0x00000006e315bb58,0x00000006e7f00000)
 Metaspace       used 16798K, capacity 16984K, committed 17280K, reserved 1064960K
  class space    used 1545K, capacity 1616K, committed 1664K, reserved 1048576K
}
Event: 10.248 GC heap before
{Heap before GC invocations=10 (full 0):
 PSYoungGen      total 514560K, used 467182K [0x0000000774d80000, 0x00000007a8380000, 0x00000007c0000000)
  eden space 466944K, 99% used [0x0000000774d80000,0x00000007914c3bc8,0x0000000791580000)
  from space 47616K, 2% used [0x0000000791580000,0x0000000791678000,0x0000000794400000)
  to   space 47104K, 0% used [0x00000007a5580000,0x00000007a5580000,0x00000007a8380000)
 ParOldGen       total 154624K, used 75118K [0x00000006de800000, 0x00000006e7f00000, 0x0000000774d80000)
  object space 154624K, 48% used [0x00000006de800000,0x00000006e315bb58,0x00000006e7f00000)
 Metaspace       used 16861K, capacity 17048K, committed 17280K, reserved 1064960K
  class space    used 1545K, capacity 1616K, committed 1664K, reserved 1048576K
Event: 10.250 GC heap after
Heap after GC invocations=10 (full 0):
 PSYoungGen      total 792576K, used 960K [0x0000000774d80000, 0x00000007a8180000, 0x00000007c0000000)
  eden space 747520K, 0% used [0x0000000774d80000,0x0000000774d80000,0x00000007a2780000)
  from space 45056K, 2% used [0x00000007a5580000,0x00000007a5670000,0x00000007a8180000)
  to   space 46080K, 0% used [0x00000007a2780000,0x00000007a2780000,0x00000007a5480000)
 ParOldGen       total 154624K, used 75150K [0x00000006de800000, 0x00000006e7f00000, 0x0000000774d80000)
  object space 154624K, 48% used [0x00000006de800000,0x00000006e3163b58,0x00000006e7f00000)
 Metaspace       used 16861K, capacity 17048K, committed 17280K, reserved 1064960K
  class space    used 1545K, capacity 1616K, committed 1664K, reserved 1048576K
}

