# JRE version: Java(TM) SE Runtime Environment (8.0_121-b13) (build 1.8.0_121-b13)
# Java VM: Java HotSpot(TM) 64-Bit Server VM (25.121-b13 mixed mode windows-amd64 compressed oops)
Heap:
 PSYoungGen      total 493056K, used 375740K [0x0000000774d80000, 0x00000007b4c00000, 0x00000007c0000000)
  eden space 492544K, 76% used [0x0000000774d80000,0x000000078bc4f200,0x0000000792e80000)
  from space 512K, 25% used [0x00000007b4b80000,0x00000007b4ba0000,0x00000007b4c00000)
  to   space 27648K, 0% used [0x00000007b1600000,0x00000007b1600000,0x00000007b3100000)
 ParOldGen       total 154624K, used 76393K [0x00000006de800000, 0x00000006e7f00000, 0x0000000774d80000)
  object space 154624K, 49% used [0x00000006de800000,0x00000006e329a6f0,0x00000006e7f00000)
 Metaspace       used 17089K, capacity 17272K, committed 17536K, reserved 1064960K
  class space    used 1549K, capacity 1648K, committed 1664K, reserved 1048576K
GC Heap History (10 events):
Event: 26.994 GC heap before
{Heap before GC invocations=16 (full 0):
 PSYoungGen      total 658944K, used 611800K [0x0000000774d80000, 0x00000007bac00000, 0x00000007c0000000)
  eden space 619520K, 98% used [0x0000000774d80000,0x000000079a2d6080,0x000000079aa80000)
  from space 39424K, 0% used [0x00000007b5f00000,0x00000007b5f20000,0x00000007b8580000)
  to   space 37376K, 0% used [0x00000007b8780000,0x00000007b8780000,0x00000007bac00000)
 ParOldGen       total 154624K, used 76313K [0x00000006de800000, 0x00000006e7f00000, 0x0000000774d80000)
  object space 154624K, 49% used [0x00000006de800000,0x00000006e32866f0,0x00000006e7f00000)
 Metaspace       used 17056K, capacity 17272K, committed 17536K, reserved 1064960K
  class space    used 1548K, capacity 1648K, committed 1664K, reserved 1048576K
Event: 26.995 GC heap after
Heap after GC invocations=16 (full 0):
 PSYoungGen      total 591872K, used 32K [0x0000000774d80000, 0x00000007b8800000, 0x00000007c0000000)
  eden space 591360K, 0% used [0x0000000774d80000,0x0000000774d80000,0x0000000798f00000)
  from space 512K, 6% used [0x00000007b8780000,0x00000007b8788000,0x00000007b8800000)
  to   space 35328K, 0% used [0x00000007b4300000,0x00000007b4300000,0x00000007b6580000)
 ParOldGen       total 154624K, used 76337K [0x00000006de800000, 0x00000006e7f00000, 0x0000000774d80000)
  object space 154624K, 49% used [0x00000006de800000,0x00000006e328c6f0,0x00000006e7f00000)
 Metaspace       used 17056K, capacity 17272K, committed 17536K, reserved 1064960K
  class space    used 1548K, capacity 1648K, committed 1664K, reserved 1048576K
}
Event: 29.411 GC heap before
{Heap before GC invocations=17 (full 0):
 PSYoungGen      total 591872K, used 586861K [0x0000000774d80000, 0x00000007b8800000, 0x00000007c0000000)
  eden space 591360K, 99% used [0x0000000774d80000,0x0000000798a935d0,0x0000000798f00000)
  from space 512K, 6% used [0x00000007b8780000,0x00000007b8788000,0x00000007b8800000)
  to   space 35328K, 0% used [0x00000007b4300000,0x00000007b4300000,0x00000007b6580000)
 ParOldGen       total 154624K, used 76337K [0x00000006de800000, 0x00000006e7f00000, 0x0000000774d80000)
  object space 154624K, 49% used [0x00000006de800000,0x00000006e328c6f0,0x00000006e7f00000)
 Metaspace       used 17056K, capacity 17272K, committed 17536K, reserved 1064960K
  class space    used 1548K, capacity 1648K, committed 1664K, reserved 1048576K
Event: 29.412 GC heap after
Heap after GC invocations=17 (full 0):
 PSYoungGen      total 600064K, used 32K [0x0000000774d80000, 0x00000007b8800000, 0x00000007c0000000)
  eden space 564736K, 0% used [0x0000000774d80000,0x0000000774d80000,0x0000000797500000)
  from space 35328K, 0% used [0x00000007b4300000,0x00000007b4308000,0x00000007b6580000)
  to   space 33280K, 0% used [0x00000007b6780000,0x00000007b6780000,0x00000007b8800000)
 ParOldGen       total 154624K, used 76337K [0x00000006de800000, 0x00000006e7f00000, 0x0000000774d80000)
  object space 154624K, 49% used [0x00000006de800000,0x00000006e328c6f0,0x00000006e7f00000)
 Metaspace       used 17056K, capacity 17272K, committed 17536K, reserved 1064960K
  class space    used 1548K, capacity 1648K, committed 1664K, reserved 1048576K
}
Event: 31.695 GC heap before
{Heap before GC invocations=18 (full 0):
 PSYoungGen      total 600064K, used 559592K [0x0000000774d80000, 0x00000007b8800000, 0x00000007c0000000)
  eden space 564736K, 99% used [0x0000000774d80000,0x0000000796ff2248,0x0000000797500000)
  from space 35328K, 0% used [0x00000007b4300000,0x00000007b4308000,0x00000007b6580000)
  to   space 33280K, 0% used [0x00000007b6780000,0x00000007b6780000,0x00000007b8800000)
 ParOldGen       total 154624K, used 76337K [0x00000006de800000, 0x00000006e7f00000, 0x0000000774d80000)
  object space 154624K, 49% used [0x00000006de800000,0x00000006e328c6f0,0x00000006e7f00000)
 Metaspace       used 17056K, capacity 17272K, committed 17536K, reserved 1064960K
  class space    used 1548K, capacity 1648K, committed 1664K, reserved 1048576K
Event: 31.697 GC heap after
Heap after GC invocations=18 (full 0):
 PSYoungGen      total 540160K, used 160K [0x0000000774d80000, 0x00000007b6800000, 0x00000007c0000000)
  eden space 539648K, 0% used [0x0000000774d80000,0x0000000774d80000,0x0000000795c80000)
  from space 512K, 31% used [0x00000007b6780000,0x00000007b67a8000,0x00000007b6800000)
  to   space 31232K, 0% used [0x00000007b2b00000,0x00000007b2b00000,0x00000007b4980000)
 ParOldGen       total 154624K, used 76337K [0x00000006de800000, 0x00000006e7f00000, 0x0000000774d80000)
  object space 154624K, 49% used [0x00000006de800000,0x00000006e328c6f0,0x00000006e7f00000)
 Metaspace       used 17056K, capacity 17272K, committed 17536K, reserved 1064960K
  class space    used 1548K, capacity 1648K, committed 1664K, reserved 1048576K
}
Event: 33.883 GC heap before
{Heap before GC invocations=19 (full 0):
 PSYoungGen      total 540160K, used 532866K [0x0000000774d80000, 0x00000007b6800000, 0x00000007c0000000)
  eden space 539648K, 98% used [0x0000000774d80000,0x00000007955b88b8,0x0000000795c80000)
  from space 512K, 31% used [0x00000007b6780000,0x00000007b67a8000,0x00000007b6800000)
  to   space 31232K, 0% used [0x00000007b2b00000,0x00000007b2b00000,0x00000007b4980000)
 ParOldGen       total 154624K, used 76337K [0x00000006de800000, 0x00000006e7f00000, 0x0000000774d80000)
  object space 154624K, 49% used [0x00000006de800000,0x00000006e328c6f0,0x00000006e7f00000)
 Metaspace       used 17058K, capacity 17272K, committed 17536K, reserved 1064960K
  class space    used 1548K, capacity 1648K, committed 1664K, reserved 1048576K
Event: 33.884 GC heap after
Heap after GC invocations=19 (full 0):
 PSYoungGen      total 546816K, used 192K [0x0000000774d80000, 0x00000007b6800000, 0x00000007c0000000)
  eden space 515584K, 0% used [0x0000000774d80000,0x0000000774d80000,0x0000000794500000)
  from space 31232K, 0% used [0x00000007b2b00000,0x00000007b2b30000,0x00000007b4980000)
  to   space 29184K, 0% used [0x00000007b4b80000,0x00000007b4b80000,0x00000007b6800000)
 ParOldGen       total 154624K, used 76345K [0x00000006de800000, 0x00000006e7f00000, 0x0000000774d80000)
  object space 154624K, 49% used [0x00000006de800000,0x00000006e328e6f0,0x00000006e7f00000)
 Metaspace       used 17058K, capacity 17272K, committed 17536K, reserved 1064960K
  class space    used 1548K, capacity 1648K, committed 1664K, reserved 1048576K
}
Event: 36.003 GC heap before
{Heap before GC invocations=20 (full 0):
 PSYoungGen      total 546816K, used 514846K [0x0000000774d80000, 0x00000007b6800000, 0x00000007c0000000)
  eden space 515584K, 99% used [0x0000000774d80000,0x0000000794417af0,0x0000000794500000)
  from space 31232K, 0% used [0x00000007b2b00000,0x00000007b2b30000,0x00000007b4980000)
  to   space 29184K, 0% used [0x00000007b4b80000,0x00000007b4b80000,0x00000007b6800000)
 ParOldGen       total 154624K, used 76345K [0x00000006de800000, 0x00000006e7f00000, 0x0000000774d80000)
  object space 154624K, 49% used [0x00000006de800000,0x00000006e328e6f0,0x00000006e7f00000)
 Metaspace       used 17085K, capacity 17272K, committed 17536K, reserved 1064960K
  class space    used 1548K, capacity 1648K, committed 1664K, reserved 1048576K
Event: 36.004 GC heap after
Heap after GC invocations=20 (full 0):
 PSYoungGen      total 493056K, used 128K [0x0000000774d80000, 0x00000007b4c00000, 0x00000007c0000000)
  eden space 492544K, 0% used [0x0000000774d80000,0x0000000774d80000,0x0000000792e80000)
  from space 512K, 25% used [0x00000007b4b80000,0x00000007b4ba0000,0x00000007b4c00000)
  to   space 27648K, 0% used [0x00000007b1600000,0x00000007b1600000,0x00000007b3100000)
 ParOldGen       total 154624K, used 76393K [0x00000006de800000, 0x00000006e7f00000, 0x0000000774d80000)
  object space 154624K, 49% used [0x00000006de800000,0x00000006e329a6f0,0x00000006e7f00000)
 Metaspace       used 17085K, capacity 17272K, committed 17536K, reserved 1064960K
  class space    used 1548K, capacity 1648K, committed 1664K, reserved 1048576K
}

